Using pre-set license
Built from '2020.2/staging' branch; Version is '2020.2.0b9 (ef2968fa77ae) revision 15673704'; Using compiler version '192528614'; Build Type 'Release'
OS: 'Windows 10  (10.0.0) 64bit' Language: 'en' Physical Memory: 7638 MB
BatchMode: 1, IsHumanControllingUs: 0, StartBugReporterOnCrash: 0, Is64bit: 1, IsPro: 0

 COMMAND LINE ARGUMENTS:
C:\Users\Efren Gonzales\Documents\Projects and stuff\Unity\Garbo\2020.2.0b9\Editor\Unity.exe
-adb2
-batchMode
-noUpm
-name
AssetImportWorker0
-projectPath
C:/Users/Efren Gonzales/Documents/GitHub/Titan-Defenders/Titan Defenders 2D
-logFile
Logs/AssetImportWorker0.log
-srvPort
50124
Successfully changed project path to: C:/Users/Efren Gonzales/Documents/GitHub/Titan-Defenders/Titan Defenders 2D
C:/Users/Efren Gonzales/Documents/GitHub/Titan-Defenders/Titan Defenders 2D
Using Asset Import Pipeline V2.
Refreshing native plugins compatible for Editor in 183.28 ms, found 1 plugins.
Preloading 0 native plugins for Editor in 0.00 ms.
Initialize engine version: 2020.2.0b9 (ef2968fa77ae)
[Subsystems] Discovering subsystems at path C:/Users/Efren Gonzales/Documents/Projects and stuff/Unity/Garbo/2020.2.0b9/Editor/Data/Resources/UnitySubsystems
[Subsystems] Discovering subsystems at path C:/Users/Efren Gonzales/Documents/GitHub/Titan-Defenders/Titan Defenders 2D/Assets
GfxDevice: creating device client; threaded=0
Direct3D:
    Version:  Direct3D 11.0 [level 11.1]
    Renderer: AMD Radeon(TM) R5 Graphics (ID=0x98e4)
    Vendor:   
    VRAM:     3819 MB
    Driver:   27.20.1012.12
Initialize mono
Mono path[0] = 'C:/Users/Efren Gonzales/Documents/Projects and stuff/Unity/Garbo/2020.2.0b9/Editor/Data/Managed'
Mono path[1] = 'C:/Users/Efren Gonzales/Documents/Projects and stuff/Unity/Garbo/2020.2.0b9/Editor/Data/MonoBleedingEdge/lib/mono/unityjit'
Mono config path = 'C:/Users/Efren Gonzales/Documents/Projects and stuff/Unity/Garbo/2020.2.0b9/Editor/Data/MonoBleedingEdge/etc'
Using monoOptions --debugger-agent=transport=dt_socket,embedding=1,server=y,suspend=n,address=127.0.0.1:56360
Begin MonoManager ReloadAssembly
Registering precompiled unity dll's ...
Register platform support module: C:/Users/Efren Gonzales/Documents/Projects and stuff/Unity/Garbo/2020.2.0b9/Editor/Data/PlaybackEngines/WindowsStandaloneSupport/UnityEditor.WindowsStandalone.Extensions.dll
Registered in 0.020158 seconds.
Native extension for WindowsStandalone target not found
Refreshing native plugins compatible for Editor in 199.79 ms, found 1 plugins.
Preloading 0 native plugins for Editor in 0.00 ms.
Invoked RoslynAnalysisRunner static constructor.
RoslynAnalysisRunner will not be running.
RoslynAnalysisRunner has terminated.
Mono: successfully reloaded assembly
- Completed reload, in  6.560 seconds
Platform modules already initialized, skipping
Registering precompiled user dll's ...
Registered in 0.003090 seconds.
Begin MonoManager ReloadAssembly
Symbol file LoadedFromMemory doesn't match image C:\Users\Efren Gonzales\Documents\GitHub\Titan-Defenders\Titan Defenders 2D\Library\PackageCache\com.unity.ext.nunit@1.0.0\net35\unity-custom\nunit.framework.dll
Native extension for WindowsStandalone target not found
Refreshing native plugins compatible for Editor in 125.82 ms, found 1 plugins.
Preloading 0 native plugins for Editor in 0.00 ms.
Invoked RoslynAnalysisRunner static constructor.
RoslynAnalysisRunner will not be running.
RoslynAnalysisRunner has terminated.
Mono: successfully reloaded assembly
- Completed reload, in  5.714 seconds
Platform modules already initialized, skipping
========================================================================
Worker process is ready to serve import requests
Launched and connected shader compiler UnityShaderCompiler.exe after 0.15 seconds
Refreshing native plugins compatible for Editor in 1.11 ms, found 1 plugins.
Preloading 0 native plugins for Editor in 0.00 ms.
Unloading 1790 Unused Serialized files (Serialized files now loaded: 0)
System memory in use before: 86.4 MB.
System memory in use after: 86.5 MB.

Unloading 19 unused Assets to reduce memory usage. Loaded Objects now: 2238.
Total: 24.068900 ms (FindLiveObjects: 3.764100 ms CreateObjectMapping: 0.330500 ms MarkObjects: 19.825900 ms  DeleteObjects: 0.144500 ms)

========================================================================
Received Prepare
Reloading mono domain
Begin MonoManager ReloadAssembly
Registering precompiled unity dll's ...
Register platform support module: C:/Users/Efren Gonzales/Documents/Projects and stuff/Unity/Garbo/2020.2.0b9/Editor/Data/PlaybackEngines/WindowsStandaloneSupport/UnityEditor.WindowsStandalone.Extensions.dll
Registered in 0.007439 seconds.
Symbol file LoadedFromMemory doesn't match image C:\Users\Efren Gonzales\Documents\GitHub\Titan-Defenders\Titan Defenders 2D\Library\PackageCache\com.unity.ext.nunit@1.0.0\net35\unity-custom\nunit.framework.dll
Native extension for WindowsStandalone target not found
Refreshing native plugins compatible for Editor in 196.82 ms, found 1 plugins.
Preloading 0 native plugins for Editor in 0.00 ms.
Invoked RoslynAnalysisRunner static constructor.
RoslynAnalysisRunner will not be running.
RoslynAnalysisRunner has terminated.
Mono: successfully reloaded assembly
- Completed reload, in 29.520 seconds
Platform modules already initialized, skipping
Registering precompiled user dll's ...
Registered in 0.002718 seconds.
Begin MonoManager ReloadAssembly
Symbol file LoadedFromMemory doesn't match image C:\Users\Efren Gonzales\Documents\GitHub\Titan-Defenders\Titan Defenders 2D\Library\PackageCache\com.unity.ext.nunit@1.0.0\net35\unity-custom\nunit.framework.dll
Native extension for WindowsStandalone target not found
Refreshing native plugins compatible for Editor in 1.37 ms, found 1 plugins.
Preloading 0 native plugins for Editor in 0.00 ms.
Invoked RoslynAnalysisRunner static constructor.
RoslynAnalysisRunner will not be running.
RoslynAnalysisRunner has terminated.
Mono: successfully reloaded assembly
- Completed reload, in 15.565 seconds
Platform modules already initialized, skipping
Refreshing native plugins compatible for Editor in 20.64 ms, found 1 plugins.
Preloading 0 native plugins for Editor in 0.00 ms.
Unloading 8 Unused Serialized files (Serialized files now loaded: 0)
System memory in use before: 50.6 MB.
System memory in use after: 50.7 MB.

Unloading 7 unused Assets to reduce memory usage. Loaded Objects now: 2243.
Total: 10.405000 ms (FindLiveObjects: 1.834000 ms CreateObjectMapping: 0.381500 ms MarkObjects: 8.028100 ms  DeleteObjects: 0.157200 ms)

========================================================================
Received Import Request.
  path: Assets/Prefabs/Titan Crawler.prefab
  artifactKey: Guid(e2d9847541f1ea3439c2e76fdab24d9f) Importer(815301076,1909f56bfc062723c751e8b465ee728b)
Start importing Assets/Prefabs/Titan Crawler.prefab using Guid(e2d9847541f1ea3439c2e76fdab24d9f) Importer(815301076,1909f56bfc062723c751e8b465ee728b)  -> (artifact id: 'c9ae7e2365f038c6b4897c9f34a4dc4c') in 3.218536 seconds
  Import took 3.253861 seconds .

========================================================================
Received Import Request.
  Time since last request: 39.464301 seconds.
  path: Assets/Prefabs/Titan Runner.prefab
  artifactKey: Guid(187d3d833e92b304ab01f172c526ebb5) Importer(815301076,1909f56bfc062723c751e8b465ee728b)
Start importing Assets/Prefabs/Titan Runner.prefab using Guid(187d3d833e92b304ab01f172c526ebb5) Importer(815301076,1909f56bfc062723c751e8b465ee728b)  -> (artifact id: 'c4bfd7a665fa3ae3b5661cabb9737811') in 0.055187 seconds
  Import took 0.077415 seconds .

========================================================================
Received Import Request.
  Time since last request: 25.472555 seconds.
  path: Assets/Prefabs/Titan Runner.prefab
  artifactKey: Guid(187d3d833e92b304ab01f172c526ebb5) Importer(815301076,1909f56bfc062723c751e8b465ee728b)
Start importing Assets/Prefabs/Titan Runner.prefab using Guid(187d3d833e92b304ab01f172c526ebb5) Importer(815301076,1909f56bfc062723c751e8b465ee728b)  -> (artifact id: 'ef8f0015b0bd4ec57dc9410d1f311c23') in 0.091050 seconds
  Import took 0.842256 seconds .

========================================================================
Received Import Request.
  Time since last request: 17.548825 seconds.
  path: Assets/Prefabs/Titan Runner.prefab
  artifactKey: Guid(187d3d833e92b304ab01f172c526ebb5) Importer(815301076,1909f56bfc062723c751e8b465ee728b)
Start importing Assets/Prefabs/Titan Runner.prefab using Guid(187d3d833e92b304ab01f172c526ebb5) Importer(815301076,1909f56bfc062723c751e8b465ee728b)  -> (artifact id: '343419e3b1bbdf13cefe3caba0ab3b20') in 0.321350 seconds
  Import took 0.349033 seconds .

========================================================================
Received Import Request.
  Time since last request: 14.820960 seconds.
  path: Assets/Prefabs/Titan Crawler.prefab
  artifactKey: Guid(e2d9847541f1ea3439c2e76fdab24d9f) Importer(815301076,1909f56bfc062723c751e8b465ee728b)
Start importing Assets/Prefabs/Titan Crawler.prefab using Guid(e2d9847541f1ea3439c2e76fdab24d9f) Importer(815301076,1909f56bfc062723c751e8b465ee728b)  -> (artifact id: 'a53d0743d9beaccaf455dce68bf714df') in 0.348032 seconds
  Import took 0.364582 seconds .

========================================================================
Received Import Request.
  Time since last request: 1.795294 seconds.
  path: Assets/Prefabs/Titan Runner.prefab
  artifactKey: Guid(187d3d833e92b304ab01f172c526ebb5) Importer(815301076,1909f56bfc062723c751e8b465ee728b)
Start importing Assets/Prefabs/Titan Runner.prefab using Guid(187d3d833e92b304ab01f172c526ebb5) Importer(815301076,1909f56bfc062723c751e8b465ee728b)  -> (artifact id: '88f2ca2138def5f5f5c8aa55ab64e402') in 0.167851 seconds
  Import took 0.187746 seconds .

========================================================================
Received Import Request.
  Time since last request: 48.817490 seconds.
  path: Assets/Arts/armoured-move.png
  artifactKey: Guid(811b4cadfb6b5274485357471549f11f) Importer(815301076,1909f56bfc062723c751e8b465ee728b)
Start importing Assets/Arts/armoured-move.png using Guid(811b4cadfb6b5274485357471549f11f) Importer(815301076,1909f56bfc062723c751e8b465ee728b)  -> (artifact id: 'a025fc68eb3a2e05d33549a4e2cc8a69') in 5.526831 seconds
  Import took 5.545836 seconds .

========================================================================
Received Import Request.
  Time since last request: 0.000585 seconds.
  path: Assets/Arts/runner-move.png
  artifactKey: Guid(e70c858990c06af47aeb3eabba2f6b30) Importer(815301076,1909f56bfc062723c751e8b465ee728b)
Start importing Assets/Arts/runner-move.png using Guid(e70c858990c06af47aeb3eabba2f6b30) Importer(815301076,1909f56bfc062723c751e8b465ee728b)  -> (artifact id: '0c52bde525f821f1e24c819264aff57f') in 0.418705 seconds
  Import took 0.772465 seconds .

========================================================================
Received Import Request.
  Time since last request: 43.179035 seconds.
  path: Assets/Animation/Bug animation.anim
  artifactKey: Guid(95151c9afc7a76f4b9aefffa8569064c) Importer(815301076,1909f56bfc062723c751e8b465ee728b)
Start importing Assets/Animation/Bug animation.anim using Guid(95151c9afc7a76f4b9aefffa8569064c) Importer(815301076,1909f56bfc062723c751e8b465ee728b)  -> (artifact id: '19f66fe9b5e7d14d50beeea9e26a0bbf') in 0.030353 seconds
  Import took 0.040006 seconds .

========================================================================
Received Import Request.
  Time since last request: 0.031110 seconds.
  path: Assets/Animation/crawler-move_0 2.controller
  artifactKey: Guid(b32a5b27bb3df994fb22db49d8f3350a) Importer(815301076,1909f56bfc062723c751e8b465ee728b)
Start importing Assets/Animation/crawler-move_0 2.controller using Guid(b32a5b27bb3df994fb22db49d8f3350a) Importer(815301076,1909f56bfc062723c751e8b465ee728b)  -> (artifact id: '56462c8490edafce3e7ca884d8e046fb') in 0.101299 seconds
  Import took 0.138310 seconds .

========================================================================
Received Import Request.
  Time since last request: 0.128795 seconds.
  path: Assets/Animation/Titan Crawler.anim
  artifactKey: Guid(f65e670da0d144b4f91a07c58e2a1428) Importer(815301076,1909f56bfc062723c751e8b465ee728b)
Start importing Assets/Animation/Titan Crawler.anim using Guid(f65e670da0d144b4f91a07c58e2a1428) Importer(815301076,1909f56bfc062723c751e8b465ee728b)  -> (artifact id: '7d822cdfb7ff4ce449fa9bfd4b7536f0') in 0.071342 seconds
  Import took 0.103024 seconds .

========================================================================
Received Import Request.
  Time since last request: 33.599647 seconds.
  path: Assets/Animation/Titan Runner.anim
  artifactKey: Guid(18d5336bba7360d4d9bdefa6fbccd688) Importer(815301076,1909f56bfc062723c751e8b465ee728b)
Start importing Assets/Animation/Titan Runner.anim using Guid(18d5336bba7360d4d9bdefa6fbccd688) Importer(815301076,1909f56bfc062723c751e8b465ee728b)  -> (artifact id: '8a42ec7b1c97cf35ee1bd5693ecc4c7f') in 0.328760 seconds
  Import took 0.339753 seconds .

========================================================================
Received Import Request.
  Time since last request: 120.483586 seconds.
  path: Assets/Arts/runner-move.png
  artifactKey: Guid(e70c858990c06af47aeb3eabba2f6b30) Importer(815301076,1909f56bfc062723c751e8b465ee728b)
Start importing Assets/Arts/runner-move.png using Guid(e70c858990c06af47aeb3eabba2f6b30) Importer(815301076,1909f56bfc062723c751e8b465ee728b)  -> (artifact id: '878aa87f4da36fc8a51ebb8815fb203c') in 0.253669 seconds
  Import took 0.266184 seconds .

========================================================================
Received Import Request.
  Time since last request: 111.723705 seconds.
  path: Assets/Arts/runner-move.png
  artifactKey: Guid(e70c858990c06af47aeb3eabba2f6b30) Importer(815301076,1909f56bfc062723c751e8b465ee728b)
Start importing Assets/Arts/runner-move.png using Guid(e70c858990c06af47aeb3eabba2f6b30) Importer(815301076,1909f56bfc062723c751e8b465ee728b)  -> (artifact id: '884b010a04b33b9ca691282fb667ea42') in 0.493161 seconds
  Import took 0.830341 seconds .

========================================================================
Received Import Request.
  Time since last request: 111.493323 seconds.
  path: Assets/Sprites/Pines.png
  artifactKey: Guid(513bd4ac9c6d04c4ba0ba867bf084b42) Importer(815301076,1909f56bfc062723c751e8b465ee728b)
Start importing Assets/Sprites/Pines.png using Guid(513bd4ac9c6d04c4ba0ba867bf084b42) Importer(815301076,1909f56bfc062723c751e8b465ee728b)  -> (artifact id: 'c05267625698b158b8c4245799db6627') in 10.174164 seconds
  Import took 10.190720 seconds .

========================================================================
Received Import Request.
  Time since last request: 38.256805 seconds.
  path: Assets/Prefabs/Titan Crawler.prefab
  artifactKey: Guid(e2d9847541f1ea3439c2e76fdab24d9f) Importer(815301076,1909f56bfc062723c751e8b465ee728b)
Start importing Assets/Prefabs/Titan Crawler.prefab using Guid(e2d9847541f1ea3439c2e76fdab24d9f) Importer(815301076,1909f56bfc062723c751e8b465ee728b)  -> (artifact id: 'd670c194d225469bf93cf94810f14b99') in 0.691904 seconds
  Import took 0.726033 seconds .

========================================================================
Received Import Request.
  Time since last request: 16.892096 seconds.
  path: Assets/Prefabs/Titan Runner.prefab
  artifactKey: Guid(187d3d833e92b304ab01f172c526ebb5) Importer(815301076,1909f56bfc062723c751e8b465ee728b)
Start importing Assets/Prefabs/Titan Runner.prefab using Guid(187d3d833e92b304ab01f172c526ebb5) Importer(815301076,1909f56bfc062723c751e8b465ee728b)  -> (artifact id: 'c1e4dac5995941431254ba713f2af168') in 1.552576 seconds
  Import took 1.622819 seconds .

========================================================================
Received Import Request.
  Time since last request: 21.868652 seconds.
  path: Assets/Scenes/Level 1.unity
  artifactKey: Guid(2cda990e2423bbf4892e6590ba056729) Importer(815301076,1909f56bfc062723c751e8b465ee728b)
Start importing Assets/Scenes/Level 1.unity using Guid(2cda990e2423bbf4892e6590ba056729) Importer(815301076,1909f56bfc062723c751e8b465ee728b)  -> (artifact id: '1129bf7e71c4012a1fa2c45befe43b05') in 9.775559 seconds
  Import took 9.822442 seconds .

========================================================================
Received Import Request.
  Time since last request: 82.980571 seconds.
  path: Assets/Prefabs/Titan Runner.prefab
  artifactKey: Guid(187d3d833e92b304ab01f172c526ebb5) Importer(815301076,1909f56bfc062723c751e8b465ee728b)
Start importing Assets/Prefabs/Titan Runner.prefab using Guid(187d3d833e92b304ab01f172c526ebb5) Importer(815301076,1909f56bfc062723c751e8b465ee728b)  -> (artifact id: '88f9569a2f89f31b06de2651c57adcd1') in 5.403809 seconds
  Import took 5.415747 seconds .

========================================================================
Received Import Request.
  Time since last request: 0.134613 seconds.
  path: Assets/Prefabs/Titan Runner.prefab
  artifactKey: Guid(187d3d833e92b304ab01f172c526ebb5) Importer(815301076,1909f56bfc062723c751e8b465ee728b)
Start importing Assets/Prefabs/Titan Runner.prefab using Guid(187d3d833e92b304ab01f172c526ebb5) Importer(815301076,1909f56bfc062723c751e8b465ee728b)  -> (artifact id: '88f9569a2f89f31b06de2651c57adcd1') in 9.572265 seconds
  Import took 9.584472 seconds .

========================================================================
Received Prepare
Reloading mono domain
Begin MonoManager ReloadAssembly
Registering precompiled unity dll's ...
Register platform support module: C:/Users/Efren Gonzales/Documents/Projects and stuff/Unity/Garbo/2020.2.0b9/Editor/Data/PlaybackEngines/WindowsStandaloneSupport/UnityEditor.WindowsStandalone.Extensions.dll
Registered in 0.008106 seconds.
Symbol file LoadedFromMemory doesn't match image C:\Users\Efren Gonzales\Documents\GitHub\Titan-Defenders\Titan Defenders 2D\Library\PackageCache\com.unity.ext.nunit@1.0.0\net35\unity-custom\nunit.framework.dll
Native extension for WindowsStandalone target not found
Refreshing native plugins compatible for Editor in 158.12 ms, found 1 plugins.
Preloading 0 native plugins for Editor in 0.00 ms.
Invoked RoslynAnalysisRunner static constructor.
RoslynAnalysisRunner will not be running.
RoslynAnalysisRunner has terminated.
Mono: successfully reloaded assembly
- Completed reload, in 20.039 seconds
Platform modules already initialized, skipping
Registering precompiled user dll's ...
Registered in 0.005406 seconds.
Begin MonoManager ReloadAssembly
Symbol file LoadedFromMemory doesn't match image C:\Users\Efren Gonzales\Documents\GitHub\Titan-Defenders\Titan Defenders 2D\Library\PackageCache\com.unity.ext.nunit@1.0.0\net35\unity-custom\nunit.framework.dll
Native extension for WindowsStandalone target not found
Refreshing native plugins compatible for Editor in 2.79 ms, found 1 plugins.
Preloading 0 native plugins for Editor in 0.00 ms.
Invoked RoslynAnalysisRunner static constructor.
RoslynAnalysisRunner will not be running.
RoslynAnalysisRunner has terminated.
Mono: successfully reloaded assembly
- Completed reload, in 10.617 seconds
Platform modules already initialized, skipping
Refreshing native plugins compatible for Editor in 0.91 ms, found 1 plugins.
Preloading 0 native plugins for Editor in 0.00 ms.
Unloading 8 Unused Serialized files (Serialized files now loaded: 0)
System memory in use before: 53.9 MB.
System memory in use after: 54.0 MB.

Unloading 7 unused Assets to reduce memory usage. Loaded Objects now: 2264.
Total: 5.802800 ms (FindLiveObjects: 1.032200 ms CreateObjectMapping: 0.291800 ms MarkObjects: 4.390000 ms  DeleteObjects: 0.084700 ms)

========================================================================
Received Import Request.
  Time since last request: 233.414888 seconds.
  path: Assets/Prefabs/Titan Crawler.prefab
  artifactKey: Guid(e2d9847541f1ea3439c2e76fdab24d9f) Importer(815301076,1909f56bfc062723c751e8b465ee728b)
Start importing Assets/Prefabs/Titan Crawler.prefab using Guid(e2d9847541f1ea3439c2e76fdab24d9f) Importer(815301076,1909f56bfc062723c751e8b465ee728b)  -> (artifact id: '1354f580a667d194a8ec377f467d44eb') in 0.211001 seconds
  Import took 0.220944 seconds .

========================================================================
Received Import Request.
  Time since last request: 0.000491 seconds.
  path: Assets/Prefabs/Titan Runner.prefab
  artifactKey: Guid(187d3d833e92b304ab01f172c526ebb5) Importer(815301076,1909f56bfc062723c751e8b465ee728b)
Start importing Assets/Prefabs/Titan Runner.prefab using Guid(187d3d833e92b304ab01f172c526ebb5) Importer(815301076,1909f56bfc062723c751e8b465ee728b)  -> (artifact id: 'd3e85c44dded09ba68c1b54c7ca91d09') in 0.049159 seconds
  Import took 0.057333 seconds .

========================================================================
Received Import Request.
  Time since last request: 0.000375 seconds.
  path: Assets/Scripts/PointNShoot.cs
  artifactKey: Guid(26c089e345748944a8072a9ad70ed1e2) Importer(815301076,1909f56bfc062723c751e8b465ee728b)
Start importing Assets/Scripts/PointNShoot.cs using Guid(26c089e345748944a8072a9ad70ed1e2) Importer(815301076,1909f56bfc062723c751e8b465ee728b)  -> (artifact id: '0d6a02c4387b239de4f4e37166cbff84') in 0.266343 seconds
  Import took 0.273367 seconds .

========================================================================
Received Import Request.
  Time since last request: 260.253121 seconds.
  path: Assets/Scripts/CrawlerSpawner.cs
  artifactKey: Guid(188258f1bc90b63419261ec52949d52d) Importer(815301076,1909f56bfc062723c751e8b465ee728b)
Start importing Assets/Scripts/CrawlerSpawner.cs using Guid(188258f1bc90b63419261ec52949d52d) Importer(815301076,1909f56bfc062723c751e8b465ee728b)  -> (artifact id: '2ae90ca6d84ca8b474ececf881ef4781') in 0.077896 seconds
  Import took 0.338305 seconds .

========================================================================
Received Prepare
Reloading mono domain
Begin MonoManager ReloadAssembly
Registering precompiled unity dll's ...
Register platform support module: C:/Users/Efren Gonzales/Documents/Projects and stuff/Unity/Garbo/2020.2.0b9/Editor/Data/PlaybackEngines/WindowsStandaloneSupport/UnityEditor.WindowsStandalone.Extensions.dll
Registered in 0.009360 seconds.
Symbol file LoadedFromMemory doesn't match image C:\Users\Efren Gonzales\Documents\GitHub\Titan-Defenders\Titan Defenders 2D\Library\PackageCache\com.unity.ext.nunit@1.0.0\net35\unity-custom\nunit.framework.dll
Native extension for WindowsStandalone target not found
Refreshing native plugins compatible for Editor in 328.17 ms, found 1 plugins.
Preloading 0 native plugins for Editor in 0.00 ms.
Invoked RoslynAnalysisRunner static constructor.
RoslynAnalysisRunner will not be running.
RoslynAnalysisRunner has terminated.
Mono: successfully reloaded assembly
- Completed reload, in 10.302 seconds
Platform modules already initialized, skipping
Registering precompiled user dll's ...
Registered in 0.006993 seconds.
Begin MonoManager ReloadAssembly
Symbol file LoadedFromMemory doesn't match image C:\Users\Efren Gonzales\Documents\GitHub\Titan-Defenders\Titan Defenders 2D\Library\PackageCache\com.unity.ext.nunit@1.0.0\net35\unity-custom\nunit.framework.dll
Native extension for WindowsStandalone target not found
Refreshing native plugins compatible for Editor in 1.36 ms, found 1 plugins.
Preloading 0 native plugins for Editor in 0.00 ms.
Invoked RoslynAnalysisRunner static constructor.
RoslynAnalysisRunner will not be running.
RoslynAnalysisRunner has terminated.
Mono: successfully reloaded assembly
- Completed reload, in  7.072 seconds
Platform modules already initialized, skipping
Refreshing native plugins compatible for Editor in 1.25 ms, found 1 plugins.
Preloading 0 native plugins for Editor in 0.00 ms.
Unloading 8 Unused Serialized files (Serialized files now loaded: 0)
System memory in use before: 54.0 MB.
System memory in use after: 54.1 MB.

Unloading 7 unused Assets to reduce memory usage. Loaded Objects now: 2270.
Total: 24.716600 ms (FindLiveObjects: 1.045300 ms CreateObjectMapping: 0.345700 ms MarkObjects: 23.137300 ms  DeleteObjects: 0.184200 ms)

========================================================================
Received Prepare
Reloading mono domain
Begin MonoManager ReloadAssembly
Registering precompiled unity dll's ...
Register platform support module: C:/Users/Efren Gonzales/Documents/Projects and stuff/Unity/Garbo/2020.2.0b9/Editor/Data/PlaybackEngines/WindowsStandaloneSupport/UnityEditor.WindowsStandalone.Extensions.dll
Registered in 0.006760 seconds.
Symbol file LoadedFromMemory doesn't match image C:\Users\Efren Gonzales\Documents\GitHub\Titan-Defenders\Titan Defenders 2D\Library\PackageCache\com.unity.ext.nunit@1.0.0\net35\unity-custom\nunit.framework.dll
Native extension for WindowsStandalone target not found
Refreshing native plugins compatible for Editor in 110.10 ms, found 1 plugins.
Preloading 0 native plugins for Editor in 0.00 ms.
Invoked RoslynAnalysisRunner static constructor.
RoslynAnalysisRunner will not be running.
RoslynAnalysisRunner has terminated.
Mono: successfully reloaded assembly
- Completed reload, in  9.799 seconds
Platform modules already initialized, skipping
Registering precompiled user dll's ...
Registered in 0.008926 seconds.
Begin MonoManager ReloadAssembly
Symbol file LoadedFromMemory doesn't match image C:\Users\Efren Gonzales\Documents\GitHub\Titan-Defenders\Titan Defenders 2D\Library\PackageCache\com.unity.ext.nunit@1.0.0\net35\unity-custom\nunit.framework.dll
Native extension for WindowsStandalone target not found
Refreshing native plugins compatible for Editor in 1.02 ms, found 1 plugins.
Preloading 0 native plugins for Editor in 0.00 ms.
Invoked RoslynAnalysisRunner static constructor.
RoslynAnalysisRunner will not be running.
RoslynAnalysisRunner has terminated.
Mono: successfully reloaded assembly
- Completed reload, in 10.219 seconds
Platform modules already initialized, skipping
Refreshing native plugins compatible for Editor in 1.42 ms, found 1 plugins.
Preloading 0 native plugins for Editor in 0.00 ms.
Unloading 9 Unused Serialized files (Serialized files now loaded: 0)
System memory in use before: 54.2 MB.
System memory in use after: 54.3 MB.

Unloading 7 unused Assets to reduce memory usage. Loaded Objects now: 2276.
Total: 30.714800 ms (FindLiveObjects: 2.306500 ms CreateObjectMapping: 0.354500 ms MarkObjects: 27.576500 ms  DeleteObjects: 0.473700 ms)

========================================================================
Received Import Request.
  Time since last request: 123.075782 seconds.
  path: Assets/Scripts/Spawner.cs
  artifactKey: Guid(cae2e5f64565979448a863c5202a6d86) Importer(815301076,1909f56bfc062723c751e8b465ee728b)
Start importing Assets/Scripts/Spawner.cs using Guid(cae2e5f64565979448a863c5202a6d86) Importer(815301076,1909f56bfc062723c751e8b465ee728b)  -> (artifact id: '7895374d26298a55def061edecce9424') in 0.045771 seconds
  Import took 0.061036 seconds .

========================================================================
Received Prepare
Reloading mono domain
Begin MonoManager ReloadAssembly
Registering precompiled unity dll's ...
Register platform support module: C:/Users/Efren Gonzales/Documents/Projects and stuff/Unity/Garbo/2020.2.0b9/Editor/Data/PlaybackEngines/WindowsStandaloneSupport/UnityEditor.WindowsStandalone.Extensions.dll
Registered in 0.013603 seconds.
Symbol file LoadedFromMemory doesn't match image C:\Users\Efren Gonzales\Documents\GitHub\Titan-Defenders\Titan Defenders 2D\Library\PackageCache\com.unity.ext.nunit@1.0.0\net35\unity-custom\nunit.framework.dll
Native extension for WindowsStandalone target not found
Refreshing native plugins compatible for Editor in 1036.02 ms, found 1 plugins.
Preloading 0 native plugins for Editor in 0.00 ms.
Invoked RoslynAnalysisRunner static constructor.
RoslynAnalysisRunner will not be running.
RoslynAnalysisRunner has terminated.
Mono: successfully reloaded assembly
- Completed reload, in 20.790 seconds
Platform modules already initialized, skipping
Registering precompiled user dll's ...
Registered in 0.074863 seconds.
Begin MonoManager ReloadAssembly
Symbol file LoadedFromMemory doesn't match image C:\Users\Efren Gonzales\Documents\GitHub\Titan-Defenders\Titan Defenders 2D\Library\PackageCache\com.unity.ext.nunit@1.0.0\net35\unity-custom\nunit.framework.dll
Native extension for WindowsStandalone target not found
Refreshing native plugins compatible for Editor in 1.38 ms, found 1 plugins.
Preloading 0 native plugins for Editor in 0.00 ms.
Invoked RoslynAnalysisRunner static constructor.
RoslynAnalysisRunner will not be running.
RoslynAnalysisRunner has terminated.
Mono: successfully reloaded assembly
- Completed reload, in 32.874 seconds
Platform modules already initialized, skipping
Refreshing native plugins compatible for Editor in 2.21 ms, found 1 plugins.
Preloading 0 native plugins for Editor in 0.00 ms.
Unloading 8 Unused Serialized files (Serialized files now loaded: 0)
System memory in use before: 54.3 MB.
System memory in use after: 54.4 MB.

Unloading 7 unused Assets to reduce memory usage. Loaded Objects now: 2281.
Total: 15.649200 ms (FindLiveObjects: 1.376600 ms CreateObjectMapping: 0.309300 ms MarkObjects: 13.379300 ms  DeleteObjects: 0.533000 ms)

========================================================================
Received Prepare
Reloading mono domain
Begin MonoManager ReloadAssembly
Registering precompiled unity dll's ...
Register platform support module: C:/Users/Efren Gonzales/Documents/Projects and stuff/Unity/Garbo/2020.2.0b9/Editor/Data/PlaybackEngines/WindowsStandaloneSupport/UnityEditor.WindowsStandalone.Extensions.dll
Registered in 0.007144 seconds.
Symbol file LoadedFromMemory doesn't match image C:\Users\Efren Gonzales\Documents\GitHub\Titan-Defenders\Titan Defenders 2D\Library\PackageCache\com.unity.ext.nunit@1.0.0\net35\unity-custom\nunit.framework.dll
Native extension for WindowsStandalone target not found
Refreshing native plugins compatible for Editor in 242.97 ms, found 1 plugins.
Preloading 0 native plugins for Editor in 0.00 ms.
Invoked RoslynAnalysisRunner static constructor.
RoslynAnalysisRunner will not be running.
RoslynAnalysisRunner has terminated.
Mono: successfully reloaded assembly
- Completed reload, in 42.245 seconds
Platform modules already initialized, skipping
Registering precompiled user dll's ...
Registered in 0.003646 seconds.
Begin MonoManager ReloadAssembly
Symbol file LoadedFromMemory doesn't match image C:\Users\Efren Gonzales\Documents\GitHub\Titan-Defenders\Titan Defenders 2D\Library\PackageCache\com.unity.ext.nunit@1.0.0\net35\unity-custom\nunit.framework.dll
Native extension for WindowsStandalone target not found
Refreshing native plugins compatible for Editor in 0.90 ms, found 1 plugins.
Preloading 0 native plugins for Editor in 0.00 ms.
Invoked RoslynAnalysisRunner static constructor.
RoslynAnalysisRunner will not be running.
RoslynAnalysisRunner has terminated.
Mono: successfully reloaded assembly
- Completed reload, in  7.810 seconds
Platform modules already initialized, skipping
Refreshing native plugins compatible for Editor in 1.17 ms, found 1 plugins.
Preloading 0 native plugins for Editor in 0.00 ms.
Unloading 9 Unused Serialized files (Serialized files now loaded: 0)
System memory in use before: 54.5 MB.
System memory in use after: 54.6 MB.

Unloading 7 unused Assets to reduce memory usage. Loaded Objects now: 2287.
Total: 11.925500 ms (FindLiveObjects: 1.320600 ms CreateObjectMapping: 0.341100 ms MarkObjects: 10.081200 ms  DeleteObjects: 0.162200 ms)

========================================================================
Received Prepare
Reloading mono domain
Begin MonoManager ReloadAssembly
Registering precompiled unity dll's ...
Register platform support module: C:/Users/Efren Gonzales/Documents/Projects and stuff/Unity/Garbo/2020.2.0b9/Editor/Data/PlaybackEngines/WindowsStandaloneSupport/UnityEditor.WindowsStandalone.Extensions.dll
Registered in 0.005632 seconds.
Symbol file LoadedFromMemory doesn't match image C:\Users\Efren Gonzales\Documents\GitHub\Titan-Defenders\Titan Defenders 2D\Library\PackageCache\com.unity.ext.nunit@1.0.0\net35\unity-custom\nunit.framework.dll
Native extension for WindowsStandalone target not found
Refreshing native plugins compatible for Editor in 205.22 ms, found 1 plugins.
Preloading 0 native plugins for Editor in 0.00 ms.
Invoked RoslynAnalysisRunner static constructor.
RoslynAnalysisRunner will not be running.
RoslynAnalysisRunner has terminated.
Mono: successfully reloaded assembly
- Completed reload, in 19.986 seconds
Platform modules already initialized, skipping
Registering precompiled user dll's ...
Registered in 0.003955 seconds.
Begin MonoManager ReloadAssembly
Symbol file LoadedFromMemory doesn't match image C:\Users\Efren Gonzales\Documents\GitHub\Titan-Defenders\Titan Defenders 2D\Library\PackageCache\com.unity.ext.nunit@1.0.0\net35\unity-custom\nunit.framework.dll
Native extension for WindowsStandalone target not found
Refreshing native plugins compatible for Editor in 1.44 ms, found 1 plugins.
Preloading 0 native plugins for Editor in 0.00 ms.
Invoked RoslynAnalysisRunner static constructor.
RoslynAnalysisRunner will not be running.
RoslynAnalysisRunner has terminated.
Mono: successfully reloaded assembly
- Completed reload, in 15.700 seconds
Platform modules already initialized, skipping
Refreshing native plugins compatible for Editor in 2.26 ms, found 1 plugins.
Preloading 0 native plugins for Editor in 0.00 ms.
Unloading 8 Unused Serialized files (Serialized files now loaded: 0)
System memory in use before: 54.6 MB.
System memory in use after: 54.7 MB.

Unloading 7 unused Assets to reduce memory usage. Loaded Objects now: 2292.
Total: 8.625500 ms (FindLiveObjects: 2.668700 ms CreateObjectMapping: 0.355300 ms MarkObjects: 5.399100 ms  DeleteObjects: 0.197300 ms)

========================================================================
Received Import Request.
  Time since last request: 213.448090 seconds.
  path: Assets/Scripts/RunnerSpawner.cs
  artifactKey: Guid(2b57ba3a315ec63488c5a5e6ef28d156) Importer(815301076,1909f56bfc062723c751e8b465ee728b)
Start importing Assets/Scripts/RunnerSpawner.cs using Guid(2b57ba3a315ec63488c5a5e6ef28d156) Importer(815301076,1909f56bfc062723c751e8b465ee728b)  -> (artifact id: 'aaaa9da0966b7a25095bae53db4fbe5b') in 0.157934 seconds
  Import took 0.170559 seconds .

========================================================================
Received Import Request.
  Time since last request: 102.930842 seconds.
  path: Assets/Scripts/RunnerSpawner.cs
  artifactKey: Guid(2b57ba3a315ec63488c5a5e6ef28d156) Importer(815301076,1909f56bfc062723c751e8b465ee728b)
Start importing Assets/Scripts/RunnerSpawner.cs using Guid(2b57ba3a315ec63488c5a5e6ef28d156) Importer(815301076,1909f56bfc062723c751e8b465ee728b)  -> (artifact id: '4d70e75bcfeec0830d85e0dc5b76ea22') in 0.094785 seconds
  Import took 0.118083 seconds .

========================================================================
Received Prepare
Reloading mono domain
Begin MonoManager ReloadAssembly
Registering precompiled unity dll's ...
Register platform support module: C:/Users/Efren Gonzales/Documents/Projects and stuff/Unity/Garbo/2020.2.0b9/Editor/Data/PlaybackEngines/WindowsStandaloneSupport/UnityEditor.WindowsStandalone.Extensions.dll
Registered in 0.020894 seconds.
Symbol file LoadedFromMemory doesn't match image C:\Users\Efren Gonzales\Documents\GitHub\Titan-Defenders\Titan Defenders 2D\Library\PackageCache\com.unity.ext.nunit@1.0.0\net35\unity-custom\nunit.framework.dll
Native extension for WindowsStandalone target not found
Refreshing native plugins compatible for Editor in 125.98 ms, found 1 plugins.
Preloading 0 native plugins for Editor in 0.00 ms.
Invoked RoslynAnalysisRunner static constructor.
RoslynAnalysisRunner will not be running.
RoslynAnalysisRunner has terminated.
Mono: successfully reloaded assembly
- Completed reload, in 17.791 seconds
Platform modules already initialized, skipping
Registering precompiled user dll's ...
Registered in 0.003240 seconds.
Begin MonoManager ReloadAssembly
Symbol file LoadedFromMemory doesn't match image C:\Users\Efren Gonzales\Documents\GitHub\Titan-Defenders\Titan Defenders 2D\Library\PackageCache\com.unity.ext.nunit@1.0.0\net35\unity-custom\nunit.framework.dll
Native extension for WindowsStandalone target not found
Refreshing native plugins compatible for Editor in 5.99 ms, found 1 plugins.
Preloading 0 native plugins for Editor in 0.00 ms.
Invoked RoslynAnalysisRunner static constructor.
RoslynAnalysisRunner will not be running.
RoslynAnalysisRunner has terminated.
Mono: successfully reloaded assembly
- Completed reload, in 27.264 seconds
Platform modules already initialized, skipping
Refreshing native plugins compatible for Editor in 1.33 ms, found 1 plugins.
Preloading 0 native plugins for Editor in 0.00 ms.
Unloading 8 Unused Serialized files (Serialized files now loaded: 0)
System memory in use before: 54.6 MB.
System memory in use after: 54.7 MB.

Unloading 7 unused Assets to reduce memory usage. Loaded Objects now: 2297.
Total: 14.314800 ms (FindLiveObjects: 0.943500 ms CreateObjectMapping: 0.285900 ms MarkObjects: 12.881000 ms  DeleteObjects: 0.199300 ms)

========================================================================
Received Prepare
Reloading mono domain
Begin MonoManager ReloadAssembly
Registering precompiled unity dll's ...
Register platform support module: C:/Users/Efren Gonzales/Documents/Projects and stuff/Unity/Garbo/2020.2.0b9/Editor/Data/PlaybackEngines/WindowsStandaloneSupport/UnityEditor.WindowsStandalone.Extensions.dll
Registered in 0.020540 seconds.
Symbol file LoadedFromMemory doesn't match image C:\Users\Efren Gonzales\Documents\GitHub\Titan-Defenders\Titan Defenders 2D\Library\PackageCache\com.unity.ext.nunit@1.0.0\net35\unity-custom\nunit.framework.dll
Native extension for WindowsStandalone target not found
Refreshing native plugins compatible for Editor in 207.89 ms, found 1 plugins.
Preloading 0 native plugins for Editor in 0.00 ms.
Invoked RoslynAnalysisRunner static constructor.
RoslynAnalysisRunner will not be running.
RoslynAnalysisRunner has terminated.
Mono: successfully reloaded assembly
- Completed reload, in 26.199 seconds
Platform modules already initialized, skipping
Registering precompiled user dll's ...
Registered in 0.002511 seconds.
Begin MonoManager ReloadAssembly
Symbol file LoadedFromMemory doesn't match image C:\Users\Efren Gonzales\Documents\GitHub\Titan-Defenders\Titan Defenders 2D\Library\PackageCache\com.unity.ext.nunit@1.0.0\net35\unity-custom\nunit.framework.dll
Native extension for WindowsStandalone target not found
Refreshing native plugins compatible for Editor in 2.56 ms, found 1 plugins.
Preloading 0 native plugins for Editor in 0.00 ms.
Invoked RoslynAnalysisRunner static constructor.
RoslynAnalysisRunner will not be running.
RoslynAnalysisRunner has terminated.
Mono: successfully reloaded assembly
- Completed reload, in 29.192 seconds
Platform modules already initialized, skipping
Refreshing native plugins compatible for Editor in 0.88 ms, found 1 plugins.
Preloading 0 native plugins for Editor in 0.00 ms.
Unloading 8 Unused Serialized files (Serialized files now loaded: 0)
System memory in use before: 54.8 MB.
System memory in use after: 54.9 MB.

Unloading 7 unused Assets to reduce memory usage. Loaded Objects now: 2302.
Total: 533.282800 ms (FindLiveObjects: 2.885000 ms CreateObjectMapping: 36.521000 ms MarkObjects: 493.656200 ms  DeleteObjects: 0.216300 ms)

========================================================================
Received Prepare
Reloading mono domain
Begin MonoManager ReloadAssembly
Registering precompiled unity dll's ...
Register platform support module: C:/Users/Efren Gonzales/Documents/Projects and stuff/Unity/Garbo/2020.2.0b9/Editor/Data/PlaybackEngines/WindowsStandaloneSupport/UnityEditor.WindowsStandalone.Extensions.dll
Registered in 0.012955 seconds.
Symbol file LoadedFromMemory doesn't match image C:\Users\Efren Gonzales\Documents\GitHub\Titan-Defenders\Titan Defenders 2D\Library\PackageCache\com.unity.ext.nunit@1.0.0\net35\unity-custom\nunit.framework.dll
Native extension for WindowsStandalone target not found
Refreshing native plugins compatible for Editor in 185.67 ms, found 1 plugins.
Preloading 0 native plugins for Editor in 0.00 ms.
Invoked RoslynAnalysisRunner static constructor.
RoslynAnalysisRunner will not be running.
RoslynAnalysisRunner has terminated.
Mono: successfully reloaded assembly
- Completed reload, in 31.740 seconds
Platform modules already initialized, skipping
Registering precompiled user dll's ...
Registered in 0.008598 seconds.
Begin MonoManager ReloadAssembly
Symbol file LoadedFromMemory doesn't match image C:\Users\Efren Gonzales\Documents\GitHub\Titan-Defenders\Titan Defenders 2D\Library\PackageCache\com.unity.ext.nunit@1.0.0\net35\unity-custom\nunit.framework.dll
Native extension for WindowsStandalone target not found
Refreshing native plugins compatible for Editor in 1.14 ms, found 1 plugins.
Preloading 0 native plugins for Editor in 0.00 ms.
Invoked RoslynAnalysisRunner static constructor.
RoslynAnalysisRunner will not be running.
RoslynAnalysisRunner has terminated.
Mono: successfully reloaded assembly
- Completed reload, in 26.549 seconds
Platform modules already initialized, skipping
Refreshing native plugins compatible for Editor in 1.06 ms, found 1 plugins.
Preloading 0 native plugins for Editor in 0.00 ms.
Unloading 8 Unused Serialized files (Serialized files now loaded: 0)
System memory in use before: 54.9 MB.
System memory in use after: 55.0 MB.

Unloading 8 unused Assets to reduce memory usage. Loaded Objects now: 2306.
Total: 19.137600 ms (FindLiveObjects: 2.071600 ms CreateObjectMapping: 0.343900 ms MarkObjects: 16.492400 ms  DeleteObjects: 0.225400 ms)

========================================================================
Received Import Request.
  Time since last request: 198.718290 seconds.
  path: Assets/Scripts/Spawner.cs
  artifactKey: Guid(cae2e5f64565979448a863c5202a6d86) Importer(815301076,1909f56bfc062723c751e8b465ee728b)
Start importing Assets/Scripts/Spawner.cs using Guid(cae2e5f64565979448a863c5202a6d86) Importer(815301076,1909f56bfc062723c751e8b465ee728b)  -> (artifact id: '04c6503445c8459d03cf9312285e8808') in 0.123978 seconds
  Import took 0.138656 seconds .

========================================================================
Received Import Request.
  Time since last request: 0.000497 seconds.
  path: Assets/Scripts/RunnerSpawner.cs
  artifactKey: Guid(2b57ba3a315ec63488c5a5e6ef28d156) Importer(815301076,1909f56bfc062723c751e8b465ee728b)
Start importing Assets/Scripts/RunnerSpawner.cs using Guid(2b57ba3a315ec63488c5a5e6ef28d156) Importer(815301076,1909f56bfc062723c751e8b465ee728b)  -> (artifact id: 'b76fa47957ed880d40d3c8ea898844a9') in 0.504020 seconds
  Import took 0.520656 seconds .

========================================================================
Received Prepare
Reloading mono domain
Begin MonoManager ReloadAssembly
Registering precompiled unity dll's ...
Register platform support module: C:/Users/Efren Gonzales/Documents/Projects and stuff/Unity/Garbo/2020.2.0b9/Editor/Data/PlaybackEngines/WindowsStandaloneSupport/UnityEditor.WindowsStandalone.Extensions.dll
Registered in 0.014072 seconds.
Symbol file LoadedFromMemory doesn't match image C:\Users\Efren Gonzales\Documents\GitHub\Titan-Defenders\Titan Defenders 2D\Library\PackageCache\com.unity.ext.nunit@1.0.0\net35\unity-custom\nunit.framework.dll
Native extension for WindowsStandalone target not found
Refreshing native plugins compatible for Editor in 158.84 ms, found 1 plugins.
Preloading 0 native plugins for Editor in 0.00 ms.
Invoked RoslynAnalysisRunner static constructor.
RoslynAnalysisRunner will not be running.
RoslynAnalysisRunner has terminated.
Mono: successfully reloaded assembly
- Completed reload, in 39.922 seconds
Platform modules already initialized, skipping
Registering precompiled user dll's ...
Registered in 0.011057 seconds.
Begin MonoManager ReloadAssembly
Symbol file LoadedFromMemory doesn't match image C:\Users\Efren Gonzales\Documents\GitHub\Titan-Defenders\Titan Defenders 2D\Library\PackageCache\com.unity.ext.nunit@1.0.0\net35\unity-custom\nunit.framework.dll
Native extension for WindowsStandalone target not found
Refreshing native plugins compatible for Editor in 0.87 ms, found 1 plugins.
Preloading 0 native plugins for Editor in 0.00 ms.
Invoked RoslynAnalysisRunner static constructor.
RoslynAnalysisRunner will not be running.
RoslynAnalysisRunner has terminated.
Mono: successfully reloaded assembly
- Completed reload, in  9.489 seconds
Platform modules already initialized, skipping
Refreshing native plugins compatible for Editor in 0.82 ms, found 1 plugins.
Preloading 0 native plugins for Editor in 0.00 ms.
Unloading 8 Unused Serialized files (Serialized files now loaded: 0)
System memory in use before: 55.1 MB.
System memory in use after: 55.2 MB.

Unloading 7 unused Assets to reduce memory usage. Loaded Objects now: 2311.
Total: 75.287600 ms (FindLiveObjects: 1.330500 ms CreateObjectMapping: 0.281900 ms MarkObjects: 73.476800 ms  DeleteObjects: 0.194200 ms)

========================================================================
Received Prepare
Reloading mono domain
Begin MonoManager ReloadAssembly
Registering precompiled unity dll's ...
Register platform support module: C:/Users/Efren Gonzales/Documents/Projects and stuff/Unity/Garbo/2020.2.0b9/Editor/Data/PlaybackEngines/WindowsStandaloneSupport/UnityEditor.WindowsStandalone.Extensions.dll
Registered in 0.012956 seconds.
Symbol file LoadedFromMemory doesn't match image C:\Users\Efren Gonzales\Documents\GitHub\Titan-Defenders\Titan Defenders 2D\Library\PackageCache\com.unity.ext.nunit@1.0.0\net35\unity-custom\nunit.framework.dll
Native extension for WindowsStandalone target not found
Refreshing native plugins compatible for Editor in 189.01 ms, found 1 plugins.
Preloading 0 native plugins for Editor in 0.00 ms.
Invoked RoslynAnalysisRunner static constructor.
RoslynAnalysisRunner will not be running.
RoslynAnalysisRunner has terminated.
Mono: successfully reloaded assembly
- Completed reload, in 20.942 seconds
Platform modules already initialized, skipping
Registering precompiled user dll's ...
Registered in 0.012512 seconds.
Begin MonoManager ReloadAssembly
Symbol file LoadedFromMemory doesn't match image C:\Users\Efren Gonzales\Documents\GitHub\Titan-Defenders\Titan Defenders 2D\Library\PackageCache\com.unity.ext.nunit@1.0.0\net35\unity-custom\nunit.framework.dll
Native extension for WindowsStandalone target not found
Refreshing native plugins compatible for Editor in 1.02 ms, found 1 plugins.
Preloading 0 native plugins for Editor in 0.00 ms.
Invoked RoslynAnalysisRunner static constructor.
RoslynAnalysisRunner will not be running.
RoslynAnalysisRunner has terminated.
Mono: successfully reloaded assembly
- Completed reload, in 16.465 seconds
Platform modules already initialized, skipping
Refreshing native plugins compatible for Editor in 5.67 ms, found 1 plugins.
Preloading 0 native plugins for Editor in 0.00 ms.
Unloading 8 Unused Serialized files (Serialized files now loaded: 0)
System memory in use before: 55.2 MB.
System memory in use after: 55.3 MB.

Unloading 7 unused Assets to reduce memory usage. Loaded Objects now: 2316.
Total: 17.373900 ms (FindLiveObjects: 1.579500 ms CreateObjectMapping: 1.161400 ms MarkObjects: 14.459900 ms  DeleteObjects: 0.169100 ms)

========================================================================
Received Import Request.
  Time since last request: 354.335682 seconds.
  path: Assets/Prefabs/Titan Runner.prefab
  artifactKey: Guid(187d3d833e92b304ab01f172c526ebb5) Importer(815301076,1909f56bfc062723c751e8b465ee728b)
Start importing Assets/Prefabs/Titan Runner.prefab using Guid(187d3d833e92b304ab01f172c526ebb5) Importer(815301076,1909f56bfc062723c751e8b465ee728b)  -> (artifact id: '3b040cfe405b10017367a60771a97d16') in 0.709238 seconds
  Import took 0.737288 seconds .

========================================================================
Received Prepare
Reloading mono domain
Begin MonoManager ReloadAssembly
Registering precompiled unity dll's ...
Register platform support module: C:/Users/Efren Gonzales/Documents/Projects and stuff/Unity/Garbo/2020.2.0b9/Editor/Data/PlaybackEngines/WindowsStandaloneSupport/UnityEditor.WindowsStandalone.Extensions.dll
Registered in 0.014102 seconds.
Symbol file LoadedFromMemory doesn't match image C:\Users\Efren Gonzales\Documents\GitHub\Titan-Defenders\Titan Defenders 2D\Library\PackageCache\com.unity.ext.nunit@1.0.0\net35\unity-custom\nunit.framework.dll
Native extension for WindowsStandalone target not found
Refreshing native plugins compatible for Editor in 126.63 ms, found 1 plugins.
Preloading 0 native plugins for Editor in 0.00 ms.
Invoked RoslynAnalysisRunner static constructor.
RoslynAnalysisRunner will not be running.
RoslynAnalysisRunner has terminated.
Mono: successfully reloaded assembly
- Completed reload, in 16.104 seconds
Platform modules already initialized, skipping
Registering precompiled user dll's ...
Registered in 0.004947 seconds.
Begin MonoManager ReloadAssembly
Symbol file LoadedFromMemory doesn't match image C:\Users\Efren Gonzales\Documents\GitHub\Titan-Defenders\Titan Defenders 2D\Library\PackageCache\com.unity.ext.nunit@1.0.0\net35\unity-custom\nunit.framework.dll
Native extension for WindowsStandalone target not found
Refreshing native plugins compatible for Editor in 3.21 ms, found 1 plugins.
Preloading 0 native plugins for Editor in 0.00 ms.
Invoked RoslynAnalysisRunner static constructor.
RoslynAnalysisRunner will not be running.
RoslynAnalysisRunner has terminated.
Mono: successfully reloaded assembly
- Completed reload, in 10.744 seconds
Platform modules already initialized, skipping
Refreshing native plugins compatible for Editor in 5.94 ms, found 1 plugins.
Preloading 0 native plugins for Editor in 0.00 ms.
Unloading 8 Unused Serialized files (Serialized files now loaded: 0)
System memory in use before: 55.3 MB.
System memory in use after: 55.4 MB.

Unloading 7 unused Assets to reduce memory usage. Loaded Objects now: 2322.
Total: 16.223300 ms (FindLiveObjects: 3.995800 ms CreateObjectMapping: 1.793600 ms MarkObjects: 10.251700 ms  DeleteObjects: 0.179200 ms)

